[r.mobirisesite.com/1581833/assets/images/logoe14d.png]
[backblue.gif]
[fade.gif]
[index.html]
[r.mobirisesite.com/1581833/assets/web/assets/mobirise-icons2/mobirise2.css]
[r.mobirisesite.com/1581833/assets/bootstrap/css/bootstrap.min.css]
[r.mobirisesite.com/1581833/assets/bootstrap/css/bootstrap-grid.min.css]
[r.mobirisesite.com/1581833/assets/bootstrap/css/bootstrap-reboot.min.css]
[r.mobirisesite.com/1581833/assets/dropdown/css/style.css]
[r.mobirisesite.com/1581833/assets/socicon/css/styles.css]
[r.mobirisesite.com/1581833/assets/theme/css/style.css]
[r.mobirisesite.com/1581833/assets/mobirise/css/mbr-additional7880.css]
[r.mobirisesite.com/1581833/assets/images/dodaj-troche-tresci-5-1024x1024.jpg-1024x1024e14d.jpg]
[r.mobirisesite.com/1581833/assets/images/28-609x609e14d.jpg]
[r.mobirisesite.com/1581833/assets/images/29-561x561e14d.jpg]
[r.mobirisesite.com/1581833/assets/images/31-561x561e14d.jpg]
[r.mobirisesite.com/1581833/assets/images/projekt-bez-nazwy-5-561x561e14d.jpg]
[r.mobirisesite.com/1581833/assets/bootstrap/js/bootstrap.bundle.min.js]
[r.mobirisesite.com/1581833/assets/smoothscroll/smooth-scroll.js]
[r.mobirisesite.com/1581833/assets/ytplayer/index.js]
[r.mobirisesite.com/1581833/assets/dropdown/js/navbar-dropdown.js]
[r.mobirisesite.com/1581833/assets/vimeoplayer/player.js]
[r.mobirisesite.com/1581833/assets/theme/js/script.js]
[cqxseg8ipu.mobirisesite.com/index.html]
[r.mobirisesite.com/1581833/assets/formoid/formoid.min.js]
[r.mobirisesite.com/1581833/assets/web/assets/mobirise-icons2/mobirise21e04.eot]
[r.mobirisesite.com/1581833/assets/web/assets/mobirise-icons2/mobirise21e04.ttf]
[r.mobirisesite.com/1581833/assets/web/assets/mobirise-icons2/mobirise21e04.woff]
[r.mobirisesite.com/1581833/assets/web/assets/mobirise-icons2/mobirise2.css]
[r.mobirisesite.com/1581833/assets/bootstrap/css/bootstrap.min.css]
[r.mobirisesite.com/1581833/assets/bootstrap/css/bootstrap-grid.min.css]
[r.mobirisesite.com/1581833/assets/bootstrap/css/bootstrap-reboot.min.css]
[r.mobirisesite.com/1581833/assets/dropdown/css/style.css]
[r.mobirisesite.com/1581833/assets/socicon/css/styles.css]
[r.mobirisesite.com/1581833/assets/theme/css/style.css]
[r.mobirisesite.com/1581833/assets/web/assets/mobirise-icons2/mobirise21e04.svg]
[r.mobirisesite.com/1581833/assets/images/mbre14d.jpg]
[r.mobirisesite.com/1581833/assets/images/background13e14d.jpg]
[r.mobirisesite.com/1581833/assets/mobirise/css/mbr-additional7880.css]
[r.mobirisesite.com/1581833/assets/mobirise/css/mbr-additional1ef2.css]
[code.jquery.com/jquery-1.12.0.min.js]
[cqxseg8ipu.mobirisesite.com/etap2-teoria.html]
[rawcdn.githack.com/chrisveness/crypto/7067ee62f18c76dd4a9d372a00e647205460b62b/sha1.js]
[cqxseg8ipu.mobirisesite.com/etap3-zespol.html]
[r.mobirisesite.com/1581833/assets/mobirise/css/mbr-additional16ae.css]
[r.mobirisesite.com/1581833/assets/web/assets/mobirise-icons2/mobirise21e04.svg]
[r.mobirisesite.com/1581833/assets/mobirise/css/mbr-additional1ef2.css]
[r.mobirisesite.com/1581833/assets/mobirise/css/mbr-additional16ae.css]
